Mdi:ArrangeIcons
wm geometry . 900x785+50+73
Mdi:ArrangeIcons
Mdi:ArrangeIcons
Mdi:ArrangeIcons
Mdi:ArrangeIcons
Mdi:ArrangeIcons
Mdi:ArrangeIcons
Mdi:ArrangeIcons
Mdi:ArrangeIcons
Mdi:ArrangeIcons
Mdi:ArrangeIcons
Mdi:ArrangeIcons
Mdi:ArrangeIcons
Mdi:ArrangeIcons
Mdi:ArrangeIcons
Mdi:ArrangeIcons
Mdi:ArrangeIcons
Mdi:ArrangeIcons
Mdi:ArrangeIcons
Mdi:ArrangeIcons
Mdi:ArrangeIcons
Mdi:ArrangeIcons
Mdi:ArrangeIcons
Mdi:ArrangeIcons
Mdi:ArrangeIcons
Mdi:ArrangeIcons
Mdi:ArrangeIcons
Mdi:ArrangeIcons
Mdi:ArrangeIcons
Mdi:ArrangeIcons
Mdi:ArrangeIcons
Mdi:ArrangeIcons
Mdi:ArrangeIcons
Mdi:ArrangeIcons
Mdi:ArrangeIcons
Mdi:ArrangeIcons
ScopeSigMgr:loadpffile /filespace/r/rrao8/ece555/ECE555_2/Mirror_Adder/adder_test.tr0 1 openonly
# PF:1
wm geometry .sigmgr._PF:1 290x358+960+600
pf:read PF:1 v(a) v(b) v(cin)
# WF:1:1 WF:1:2 WF:1:3
Graph addsignal {WF:1:1 WF:1:2 WF:1:3} -region {new new new} -yview {real(y) real(y) real(y)} -xview {real(x) real(x) real(x)} -tracehi {2 2 2}
# Signal0 Signal1 Signal2
pf:read PF:1 v(s)
# WF:1:4
Graph addsignal WF:1:4 -region new -yview real(y) -xview real(x) -tracehi 2
# Signal3
pf:read PF:1 v(cout)
# WF:1:5
Graph addsignal WF:1:5 -region new -yview real(y) -xview real(x) -tracehi 2
# Signal4
wm geometry .sigmgr 467x236+482+193
wm geometry .sigmgr 467x236+579+204
wm geometry .sigmgr 467x236+681+216
wm geometry .sigmgr 467x236+783+234
wm geometry .sigmgr 467x236+879+248
wm geometry .sigmgr 467x236+943+258
wm geometry .sigmgr 467x236+967+262
Mdi:Resize 878 650
Mdi:Move 5 5
ScopeSigMgr:Reload 0 {{(1) adder_test.tr0}}
Graph:DSel
Graph:Select Graph0
Graph:DSel
ScopeSigMgr:Reload 0 {{(1) adder_test.tr0}}
