\o Program:		@(#)$CDS: libManager version 6.1.8 - CAT37 02/10/2023 14:05 (cpgsrv13) $
\o Sub version:		sub-version  s312 
\o Arguments:		-unmapped -mpssession virtuoso746759 -mpshost linux-2616 
\o Working Directory:	linux-2616:/filespace/r/rrao8/ece555/ECE555_2/NAND2
\o 64-bit offsets
\o Qt version: 		5.9.1
\o changeWorkingDir("/filespace/r/rrao8/ece555/ECE555_2/NAND2") unnecessary.
\o ddSetForcedLib("") unnecessary.
\o Log file is "/filespace/r/rrao8/ece555/ECE555_2/NAND2/libManager.log".
\o Opening libManager window.
\a nrSetWindowVisibility(cdsLibManager "show")
\o MPS service: map window
\o Library Manager customization server connected.
\a nrSetCurrentWindow(cdsLibManager)
\a nrResizeWindow(cdsLibManager list(1126 219 602 598))
\a nrSetCurrentWindow(cdsLibManager)
\a nrSetWindowVisibility(cdsLibManager "hide")
\a _lmgrCloseIconify("cdsLibManager" 1)
\o MPS service: shutdown
\o libManager is exiting.
\a exit(0)
